# JRE version: OpenJDK Runtime Environment (8.0_212-b04) (build 1.8.0_212-b04)
# Java VM: OpenJDK 64-Bit Server VM (25.212-b04 mixed mode windows-amd64 compressed oops)
Heap:
 PSYoungGen      total 104960K, used 33660K [0x000000076af80000, 0x0000000773900000, 0x00000007c0000000)
  eden space 94720K, 24% used [0x000000076af80000,0x000000076c68a5b8,0x0000000770c00000)
  from space 10240K, 98% used [0x0000000772f00000,0x00000007738d4b70,0x0000000773900000)
  to   space 12288K, 0% used [0x0000000772100000,0x0000000772100000,0x0000000772d00000)
 ParOldGen       total 113664K, used 13082K [0x00000006c0e00000, 0x00000006c7d00000, 0x000000076af80000)
  object space 113664K, 11% used [0x00000006c0e00000,0x00000006c1ac6bf8,0x00000006c7d00000)
 Metaspace       used 44221K, capacity 46326K, committed 46424K, reserved 1089536K
  class space    used 5576K, capacity 5954K, committed 6016K, reserved 1048576K
GC Heap History (10 events):
Event: 14.006 GC heap before
{Heap before GC invocations=4 (full 1):
 PSYoungGen      total 76288K, used 65536K [0x000000076af80000, 0x0000000770480000, 0x00000007c0000000)
  eden space 65536K, 100% used [0x000000076af80000,0x000000076ef80000,0x000000076ef80000)
  from space 10752K, 0% used [0x000000076fa00000,0x000000076fa00000,0x0000000770480000)
  to   space 10752K, 0% used [0x000000076ef80000,0x000000076ef80000,0x000000076fa00000)
 ParOldGen       total 75264K, used 9322K [0x00000006c0e00000, 0x00000006c5780000, 0x000000076af80000)
  object space 75264K, 12% used [0x00000006c0e00000,0x00000006c171ab80,0x00000006c5780000)
 Metaspace       used 26266K, capacity 27236K, committed 27392K, reserved 1073152K
  class space    used 3270K, capacity 3473K, committed 3584K, reserved 1048576K
Event: 14.021 GC heap after
Heap after GC invocations=4 (full 1):
 PSYoungGen      total 76288K, used 8291K [0x000000076af80000, 0x0000000770480000, 0x00000007c0000000)
  eden space 65536K, 0% used [0x000000076af80000,0x000000076af80000,0x000000076ef80000)
  from space 10752K, 77% used [0x000000076ef80000,0x000000076f798df0,0x000000076fa00000)
  to   space 10752K, 0% used [0x000000076fa00000,0x000000076fa00000,0x0000000770480000)
 ParOldGen       total 75264K, used 9394K [0x00000006c0e00000, 0x00000006c5780000, 0x000000076af80000)
  object space 75264K, 12% used [0x00000006c0e00000,0x00000006c172cb90,0x00000006c5780000)
 Metaspace       used 26266K, capacity 27236K, committed 27392K, reserved 1073152K
  class space    used 3270K, capacity 3473K, committed 3584K, reserved 1048576K
}
Event: 15.986 GC heap before
{Heap before GC invocations=5 (full 1):
 PSYoungGen      total 76288K, used 73827K [0x000000076af80000, 0x0000000770480000, 0x00000007c0000000)
  eden space 65536K, 100% used [0x000000076af80000,0x000000076ef80000,0x000000076ef80000)
  from space 10752K, 77% used [0x000000076ef80000,0x000000076f798df0,0x000000076fa00000)
  to   space 10752K, 0% used [0x000000076fa00000,0x000000076fa00000,0x0000000770480000)
 ParOldGen       total 75264K, used 9394K [0x00000006c0e00000, 0x00000006c5780000, 0x000000076af80000)
  object space 75264K, 12% used [0x00000006c0e00000,0x00000006c172cb90,0x00000006c5780000)
 Metaspace       used 32834K, capacity 34264K, committed 34560K, reserved 1079296K
  class space    used 4065K, capacity 4349K, committed 4352K, reserved 1048576K
Event: 15.994 GC heap after
Heap after GC invocations=5 (full 1):
 PSYoungGen      total 76288K, used 10726K [0x000000076af80000, 0x0000000770480000, 0x00000007c0000000)
  eden space 65536K, 0% used [0x000000076af80000,0x000000076af80000,0x000000076ef80000)
  from space 10752K, 99% used [0x000000076fa00000,0x0000000770479900,0x0000000770480000)
  to   space 10752K, 0% used [0x000000076ef80000,0x000000076ef80000,0x000000076fa00000)
 ParOldGen       total 75264K, used 10625K [0x00000006c0e00000, 0x00000006c5780000, 0x000000076af80000)
  object space 75264K, 14% used [0x00000006c0e00000,0x00000006c1860468,0x00000006c5780000)
 Metaspace       used 32834K, capacity 34264K, committed 34560K, reserved 1079296K
  class space    used 4065K, capacity 4349K, committed 4352K, reserved 1048576K
}
Event: 16.283 GC heap before
{Heap before GC invocations=6 (full 1):
 PSYoungGen      total 76288K, used 26300K [0x000000076af80000, 0x0000000770480000, 0x00000007c0000000)
  eden space 65536K, 23% used [0x000000076af80000,0x000000076beb58d8,0x000000076ef80000)
  from space 10752K, 99% used [0x000000076fa00000,0x0000000770479900,0x0000000770480000)
  to   space 10752K, 0% used [0x000000076ef80000,0x000000076ef80000,0x000000076fa00000)
 ParOldGen       total 75264K, used 10625K [0x00000006c0e00000, 0x00000006c5780000, 0x000000076af80000)
  object space 75264K, 14% used [0x00000006c0e00000,0x00000006c1860468,0x00000006c5780000)
 Metaspace       used 33716K, capacity 35296K, committed 35416K, reserved 1081344K
  class space    used 4174K, capacity 4463K, committed 4480K, reserved 1048576K
Event: 16.291 GC heap after
Heap after GC invocations=6 (full 1):
 PSYoungGen      total 76288K, used 9094K [0x000000076af80000, 0x0000000773b00000, 0x00000007c0000000)
  eden space 65536K, 0% used [0x000000076af80000,0x000000076af80000,0x000000076ef80000)
  from space 10752K, 84% used [0x000000076ef80000,0x000000076f861a40,0x000000076fa00000)
  to   space 12288K, 0% used [0x0000000772f00000,0x0000000772f00000,0x0000000773b00000)
 ParOldGen       total 75264K, used 10633K [0x00000006c0e00000, 0x00000006c5780000, 0x000000076af80000)
  object space 75264K, 14% used [0x00000006c0e00000,0x00000006c1862468,0x00000006c5780000)
 Metaspace       used 33716K, capacity 35296K, committed 35416K, reserved 1081344K
  class space    used 4174K, capacity 4463K, committed 4480K, reserved 1048576K
}
Event: 16.291 GC heap before
{Heap before GC invocations=7 (full 2):
 PSYoungGen      total 76288K, used 9094K [0x000000076af80000, 0x0000000773b00000, 0x00000007c0000000)
  eden space 65536K, 0% used [0x000000076af80000,0x000000076af80000,0x000000076ef80000)
  from space 10752K, 84% used [0x000000076ef80000,0x000000076f861a40,0x000000076fa00000)
  to   space 12288K, 0% used [0x0000000772f00000,0x0000000772f00000,0x0000000773b00000)
 ParOldGen       total 75264K, used 10633K [0x00000006c0e00000, 0x00000006c5780000, 0x000000076af80000)
  object space 75264K, 14% used [0x00000006c0e00000,0x00000006c1862468,0x00000006c5780000)
 Metaspace       used 33716K, capacity 35296K, committed 35416K, reserved 1081344K
  class space    used 4174K, capacity 4463K, committed 4480K, reserved 1048576K
Event: 16.354 GC heap after
Heap after GC invocations=7 (full 2):
 PSYoungGen      total 76288K, used 0K [0x000000076af80000, 0x0000000773b00000, 0x00000007c0000000)
  eden space 65536K, 0% used [0x000000076af80000,0x000000076af80000,0x000000076ef80000)
  from space 10752K, 0% used [0x000000076ef80000,0x000000076ef80000,0x000000076fa00000)
  to   space 12288K, 0% used [0x0000000772f00000,0x0000000772f00000,0x0000000773b00000)
 ParOldGen       total 113664K, used 13074K [0x00000006c0e00000, 0x00000006c7d00000, 0x000000076af80000)
  object space 113664K, 11% used [0x00000006c0e00000,0x00000006c1ac4bf8,0x00000006c7d00000)
 Metaspace       used 33716K, capacity 35296K, committed 35416K, reserved 1081344K
  class space    used 4174K, capacity 4463K, committed 4480K, reserved 1048576K
}
Event: 22.747 GC heap before
{Heap before GC invocations=8 (full 2):
 PSYoungGen      total 76288K, used 65536K [0x000000076af80000, 0x0000000773b00000, 0x00000007c0000000)
  eden space 65536K, 100% used [0x000000076af80000,0x000000076ef80000,0x000000076ef80000)
  from space 10752K, 0% used [0x000000076ef80000,0x000000076ef80000,0x000000076fa00000)
  to   space 12288K, 0% used [0x0000000772f00000,0x0000000772f00000,0x0000000773b00000)
 ParOldGen       total 113664K, used 13074K [0x00000006c0e00000, 0x00000006c7d00000, 0x000000076af80000)
  object space 113664K, 11% used [0x00000006c0e00000,0x00000006c1ac4bf8,0x00000006c7d00000)
 Metaspace       used 42634K, capacity 44698K, committed 44888K, reserved 1089536K
  class space    used 5333K, capacity 5704K, committed 5760K, reserved 1048576K
Event: 22.764 GC heap after
Heap after GC invocations=8 (full 2):
 PSYoungGen      total 104960K, used 10066K [0x000000076af80000, 0x0000000773900000, 0x00000007c0000000)
  eden space 94720K, 0% used [0x000000076af80000,0x000000076af80000,0x0000000770c00000)
  from space 10240K, 98% used [0x0000000772f00000,0x00000007738d4b70,0x0000000773900000)
  to   space 12288K, 0% used [0x0000000772100000,0x0000000772100000,0x0000000772d00000)
 ParOldGen       total 113664K, used 13082K [0x00000006c0e00000, 0x00000006c7d00000, 0x000000076af80000)
  object space 113664K, 11% used [0x00000006c0e00000,0x00000006c1ac6bf8,0x00000006c7d00000)
 Metaspace       used 42634K, capacity 44698K, committed 44888K, reserved 1089536K
  class space    used 5333K, capacity 5704K, committed 5760K, reserved 1048576K
}

